shard_size = 0 shard_count = 0
Seeding random numbers with system clock 
name: case value: true
Data::m_score_type BLEU
Data::Scorer type from Scorer: BLEU
Loading Data from: run1.scores.dat and run1.features.dat
loading feature data from run1.features.dat
loading score data from run1.scores.dat
Loading Data from: run2.scores.dat and run2.features.dat
loading feature data from run2.features.dat
loading score data from run2.scores.dat
Loading Data from: run3.scores.dat and run3.features.dat
loading feature data from run3.features.dat
loading score data from run3.scores.dat
Loading Data from: run4.scores.dat and run4.features.dat
loading feature data from run4.features.dat
loading score data from run4.scores.dat
Data loaded : [Wall 0.631558 CPU 0.628] seconds.
Creating a pool of 1 threads
Best point: -0.129504 0.324007 0.130078 0.047684 -0.100163 0.0135672 0.0067948 0.0847763 0.0444499 0.0208173 0.0292117 0.00226534 0.0300082 0.0366726  => 0.677933
Stopping... : [Wall 47.3968 CPU 47.396] seconds.
