shard_size = 0 shard_count = 0
Seeding random numbers with system clock 
name: case value: true
Data::m_score_type BLEU
Data::Scorer type from Scorer: BLEU
Loading Data from: run1.scores.dat and run1.features.dat
loading feature data from run1.features.dat
loading score data from run1.scores.dat
Loading Data from: run2.scores.dat and run2.features.dat
loading feature data from run2.features.dat
loading score data from run2.scores.dat
Loading Data from: run3.scores.dat and run3.features.dat
loading feature data from run3.features.dat
loading score data from run3.scores.dat
Loading Data from: run4.scores.dat and run4.features.dat
loading feature data from run4.features.dat
loading score data from run4.scores.dat
Loading Data from: run5.scores.dat and run5.features.dat
loading feature data from run5.features.dat
loading score data from run5.scores.dat
Data loaded : [Wall 0.795539 CPU 0.796] seconds.
Creating a pool of 1 threads
Best point: -0.129572 0.324178 0.130147 0.0477092 -0.100216 0.0135744 0.00679839 0.084294 0.0444734 0.0208283 0.0292271 0.00226654 0.030024 0.0366919  => 0.678234
Stopping... : [Wall 56.8827 CPU 56.62] seconds.
