IN PRP VBD PRP VBD TO VB DT limelight IN PRP VBD RB VB TO VB DT NN . 
RB , PRP VB IN PRP MD RB VB DT NN , " PRP VBD . 
DT NN VBD DT NN IN DT JJ supermarket JJ NNP NN , IN NNP POS reprinted editions IN DT NNP NNP NNP , IN DT VBN NN VBD VBN DT <number> NN IN DT JJ NN IN VBG NNP TO VB NNP IN PRP$ NN NN . 
" PRP MD RB NN PRP$ NN , NN CC NNS TO DT JJ , vitriol IN RB journalism . 
PRP MD RB dignify JJ journalism IN DT NN CC DT NN . 
PRP RB MD , " PRP$ NN VBD . 
PRP VBD VBN TO NNS IN DT NN NN IN NNP POS JJ NN NN RB NNS IN DT NN VBD TO VB DT NNS VBG DT NN POS NN IN DT JJ JJ NN IN DT NNP NNP . 
-X- 
NNP VBN IN surgeon discarding NN . 
CHARLESTON , S.C. <number> 
NNP NNS VBD IN NNP PRP VBD VBG DT NN IN DT amputated NN IN DT NN IN NNP TO VB IN DT JJ surgeon VBD improperly disposed IN JJ NN . 
DT NN , WDT VBD RP IN NNP POS NNP NN DT NN , VBD amputated CD NNS RB IN DT NN WP$ NNS VBD deformed . 
DT NN VBD TO VB VBN IN DT infant MD VB VBN IN DT prosthesis . 
DT orthopedic surgeon VBD VBN NN IN DT NN POS NNS CC DT NN TO VB DT NN IN NN CC educational NNS . 
NNP NNS VBD DT surgeon VBD NNS PRP VBN DT NN IN PRP$ freezer IN NN , CC DT freezer RB VBD RB CC DT NNS spoiled . 
DT surgeon , WP VBN IN DT NN , VBD PRP VBD TO VB DT NN IN DT crab trap TO VB DT flesh . 
DT NN RB VBN RP IN DT NN . 
-X- 
NNP VBZ JJ JJ IN cop shrub guys . 
NNP <number> 
PRP VBD DT NN IN bagged DT JJ guys . 
WRB CD JJ NNS , JJ CC VBN , VBD RP TO rob DT Checker POS NN IN DT NN IN NNP Fort Lauderdale Pines IN NNP , PRP VBD DT NN DT NN VBD IN DT shrub drive-through toting DT NN . 
NNP Earl Feugill , shaggy camouflaged IN DT JJ NN , VBD PRP TO freeze . " 
PRP VBD RB VBN , " PRP VBD DT NNP Herald . 
Feugill VBD PRP VBD DT JJ , JJ NN , WDT PRP JJ VBN IN DT Marines , IN attaching strips IN burlap TO DT NN NN . 
Green CC JJ NN NN VBD PRP$ disguise . 
PRP VBD staking RP DT NN IN DT NN IN fast-food robberies IN JJ NNS . 
NNP Pines NN VBD CD NNS VBD VBN IN DT NN IN DT <number> stakeout , VBG DT CD NNS CC DT NN NN WP VBD RB VBN TO VB PRP IN DT JJ NN . 
-X- 
NNP VBZ DLA tin NN IN $ <number> IN NN . 
NNP <number> 
DT NNP Defense Logistics NNP VBN NNP POS NN NN IN NN IN $ tin <number> IN NN , IN $ <number> IN NN NN . 
-X- 
NNP NNP NN resigns , NBC VBZ . 
NNP <number> 
NNP NNP , DT JJ JJ consultant WP reshaped NNP NNP NNP NNP POS NN NN , VBZ VBD , MS-NBC NNP VBD NNP . 
NNP VBD DT ire IN JJ NNP NNS IN repositioning DT NN IN DT JJ NN . 
EX VBD DT JJ NN IN DT NN IN DT NNP NNP . 
-X- 
NNP NN gluten meal steady-higher , NN JJ . 
NNP <number> 
NNP NN gluten NN NNS VBD JJ IN meal NNS VBD JJ TO JJR IN NNP . 
NNS VBD DT JJ pickup IN meal NN . 
: 
NNP AREA MILLS ( NNS IN JJ NN ) 
NN Gluten <number> NN NN NN : <number> NNS 
NNP : JJ pellets Gluten NN 
Gluten meal <number> NN NN NN NN : <number> RP <number> 
DECATUR , IL SYM CLINTON CC CEDAR IA RAPIDS , 
NN Gluten <number> NN pellets <number> NNS NNP : 
Gluten meal <number> NN NN NN : <number> NNS 
( NNP NN <number> ) 
-X- 
NNP NN NN JJ $ <number> SYM T , IN NNP : NNS . 
NNP <number> 
DT NNP NNP NN IN <number> NNS IN JJ NN NN VBZ JJ DT $ <number> IN NN NN NNP CC VBZ RB VBN IN NNP NNP , JJ NN NNS VBD IN NNP . 
DT NNP POS NN NN VBN cereals <number> NNS IN JJ NN NN IN DT JJ NN IN <number> Ecus IN NN . 
NNP NNP VBD provisionally optional-origin <number> NNS IN NN IN DT NNP NN IN NNS IN $ <number> <number> CC $ <number> VBG NN , NN CC NN , NNS VBD JJ NN . 
CC JJ NN NNS CC NNS VBD DT NNP MD VB DT NN TO <number> NNS . 
NNS VBP VBN DT JJ NN IN DT NN VBD JJ TO VB IN DT NNP NNP , WDT enjoys DT NN CC NN NN IN JJ NNS . 
CC subtracting NN NNS , DT NN NN NN IN DT NN VBZ IN $ <number> , RB IN DT $ <number> IN NN NN NN WDT DT NNP VBD IN PRP$ NN IN NN IN DT NN VBD JJ NN . 
JJ NNP DT NNP VBN <number> NNS IN JJ NN NN IN DT JJ NN IN <number> Ecus IN NN , WDT VBD VBN IN JJ $ <number> IN NN NN . 
: NNP NN <number> <number> <number> 
-X- 
JJ shipyard NNS NN IN NN NNS . 
RENNES <number> 
IN <number> JJ shipyard NNS VBD IN DT NN IN DT JJ NN NN IN Cherbourg IN NNP TO VB IN NN NN , DT NN NN VBD . 
DT JJ NN NN VBD RB VB DT NN CC VBD NNS IN DT <number> Cherbourg yeard VBD VBN NN . 
DT cutback NN MD slim PRP$ NNS TO <number> IN <number> . 
JJ CD NNS RB VBD IN DT JJ NN IN WRB Indre <number> CC <number> NNS VBP IN NN . 
-X- 
NNS NNP : NNP : NNP <number> . 
VBG VBP DT IN DT JJ NNS IN NNP POS JJ NNS : 
DAWN 
: DT NN VBZ VBN TO VB DT JJ NN NN IN NN TO JJ curtail managements TO NNS IN NNS IN NNS . 
: DT NN VBZ VBN DT NN IN <number> CD NNS JJ TO NN NNS IN JJ estates IN Hub CC Gadoon . 
: NNP NNP NNS VBP unearthed police-run JJ cages IN Tando Allahyar IN Hyderabad . 
DT <number> NNS VBD VBN IN DT JJ NN VBD RP IN DT NN . 
: NN NN NNP NNP VBD DT NN TO VB DT NNP NNP POS NNP NN VBD IN NNP NNP NNP NNP . 
NNP RECORDER 
: Gas NNS MD VB RP IN CD NN TO VB DT NN IN NN IN NNP Sui Gas CC Sui NNP Gas NNS . 
: NNP VBZ VBG <number> NN IN NN NN IN NNP DT NN . 
: DT NN VBZ VBN NN technologists IN RB VBG DT JJ NN IN NN CC NN TO VB NN IN sugarcane . 
NNP NNP 
: NNP NNS pillaged <number> NNS IN NN NN IN DT RB JJ Gujar NNP IN NNP . 
: NNP MD VB DT JJ NN IN $ <number> CD IN JJ NN NNS IN NN IN <number> megawatt VB on-line IN <number> . 
DT NATION 
: DT NN VBZ VBG JJ NNS IN NN PRP$ NN NNS NNS IN <number> . 
: NNP VBZ Mohib Textile defaulted TO RB <number> NN NN NNS , JJ CC JJ NNS , NNS CC leasing modarabas ( JJ JJ NNS ) . 
: NNP NNP NNP NNP NNP VBD NN IN DT NN VBG NN IN JJ NNS IN IN NN IN NNP MD multiply.q 
: NNP NNP NNP NN VBZ IN <number> NNS . 
DT NN 
: DT JJ NN POS JJ JJ NN NNP NNP VBD Shahid privatisation IN JJ NN NNS , NN NN IN JJ NNS CC NN NNS IN NNP MD VB VB Electricity Boards <number> NN NNP NN . 
: NNP POS NNP JJ NNP , Vital NNP NNP , CC NNP CC NNP IN DT NNP VBP JJ TO VB DT JJ NN IN NNP POS JJ NN NN NN : NNP NNP CC NNP NNP NNP : JJ NN . 
: DT NNP NNP VBD DT Sindh ad-interim NN restraining DT Privatisation NNP IN VBG IN Javedan Cement TO Dadabhoy NNP ( pvt ) NNP IN PRP MD VB DT JJ NN VBN IN NNS TO DT NN . 
DT MUSLIM 
: NNP CC NNP VBP VBN TO VB CC VB JJ , NN CC JJ NNS . 
: NNP NN <number> 
-X- 
NNP NN VBN VBG NNP IN NN . 
SALANG <number> TUNNEL , NNP 
DT NNP NN VBG NNP IN JJ NNP VBD RB VBN TO NN IN NNP IN DT NN IN DT NN CC DT NN NN , NNS VBD . 
PRP VBD NNS IN NNS VBD VBG IN DT NN IN DT directions IN DT NN VBN . 
DT NNP NN , DT JJ NN NN IN JJ NNS WRB PRP VBD NNP IN DT occupying <number> , VBD VBN VBN IN <number> WRB JJ NN NN NNP NNP NNP NNP rebelled IN DT NNP NN . 
NNS VBD wrecked NNS CC NNS VBN DT NNS IN DT heavily-mined NN . 
NNP VBD VBN VBN IN DT NN PRP , CC NNS IN DT Halo NNP NN NN NN VBD PRP MD VB DT NN TO VB DT roadsides . 
JJ NNP NNP NNP Qotbuddin Hilal officiated IN DT VBG NN , WDT VBD VBN IN JJ NNS IN DT CD NNS VBN IN DT JJ NN IN NNS . 
-X- 
CD NNP TO VB IN VBG <number> NN NNS . 
JJ NNPS <number> 
NNP POS NNP NNP IN NNP VBD CD NNS TO NN IN VBG PRP JJ IN VBG <number> NN NNS , VBG NNS . 
PRP VBD DT CD , IN VBG DT NNS , burnt PRP JJ IN DT NN IN sprinkling petrol CC VBG PRP IN NN IN DT JJ NN IN Andhra Pradesh IN <number> . 
" PRP VBP DT NN IN DT VBZ CD IN DT rarest IN DT JJ NNS , RB RB JJ TO DT NN IN JJ JJ JJ IN DT beings roasted appellants , CC DT JJ NN IN WDT PRP plotted DT NN CC VBN PRP , " NNP K.T. NNP VBD IN DT NN IN DT NN IN CD NNS . 
-X- 
Elephant tramples NN TO VB IN NNP . 
NNP <number> 
DT rampaging elephant VBD DT NN IN PRP$ NN CC NN <number> trampled PRP$ TO VB IN DT JJ JJ NN IN CD NNS , JJ NN VBD IN NNP . 
DT elephant VBD IN NN IN Poudels Hari Maya Madhumalla NN RBR DT NN IN PRP VBD asleep , PRP VBD . 
DT NN VBD DT beast <number> NNS ( CD NNS ) RB IN PRP$ NN CC trampled PRP TO NN , DT NN NN VBD NNP IN DT JJ kingdoms NN NNP . 
IN DT JJ CD NNS elephants VBP VBN CD NNS IN JJ NNS IN JJ CC JJ NNP . 
Elephants VBP VBN IN JJ NN , WDT VBZ IN NN NNS IN IN TO elephant <number> NNS IN VBN NNS . 
-X- 
NNP NNP NNS overrun NN NN , VB <number> . 
NNP <number> 
NNP NNP NNS VBD DT VBN NN NN IN NNP NNP POS RB RB IN NNP VBG <number> NNS , NN NNS VBD . 
DT JJ NN IN NNP NNP IN NNP NNP ( NNP ) NNS VBD DT Kudapokuna NN NN , RB RB IN Welikanda , <number> <number> NN ( NNS ) IN NNP , IN dawn , PRP VBD . 
" DT JJ NN VBD overrun , " VBD DT NN NN . 
PRP VBD RB RB VB IN EX VBD DT NNS IN DT NNS , WP VBP VBG IN NN IN NN NNS IN DT NNP NNP NN POS NN CC JJ . 
PRP VBZ DT JJ NN IN CD NNS IN DT NNS VBD NN . 
JJ NNP NNP IN NNP VBD NN NNS IN DT NN NN IN DT JJ NN IN DT JJ NN IN army-controlled Vavuniya , VBG IN JJS CD NNS . 
JJR IN DT NN NNS , VBG JJ NN WP VBD VBG undercover , VBD VBN IN DT NN . 
Vavuniya VBZ RB RB IN DT JJ JJ NN VBN IN DT NNP . 
DT NN VBZ JJR IN <number> NNS VBP VBN IN DT JJ NN , RB IN PRP$ <number> NN . 
-X- 
Vicorp Restaurants NNS Sabourin CFO . 
DENVER <number> 
Vicorp Restaurants NNP VBD PRP VBZ VBN NNP Sabourin IN NN NN NN CC NN JJ NN . 
DT NN VBD Sabourin VBZ DT JJ NN CC JJ NN IN NNP IN Bestop Boulder , NNP . 
PRP VBD NNP Held VBZ RB VBD DT NN IN NN NN NN CC NN NN NN . 
: NNP NNP NNP <number> <number> <number> 
-X- 
SoCal Edison VBZ <number> NN NNS NN NN . 
NNP NNP <number> 
NNP NNP NNP VBD PRP VBD CD Edison <number> kilovolt ( KV ) NN NNS IN JJ NNP TO VB NN RB NN IN VBG VBN JJ NNP IN IN DT wildfire raging RB IN NNP NNP . 
" PRP VBP VBN TO VB VBN IN NN RB NN , " VBD NN NN NNP , VBG Conroy VB crews VBP VBN VBG NN CC JJ fire-related residues , WDT VBD VBN IN DT CD NNS . 
DT NN IN DT <number> KV NNS VBN IN <number> megawatts ( MW ) DT NN IN NN WDT DT NN VBD IN SoCal Edison POS <number> MW NNP JJ NN , PRP VBD . 
Conroy VBD CD CC DT KV <number> <number> KV NN VBG IN DT NNP NN TO NNP NNP VBD IN NN , CC VBD TO VB DT IN DT NN IN NNP TO DT NN . 
IN NNP , DT CD NN KV <number> cables VBD VBN IN IN NN , RB IN JJ , IN IN DT NN . 
Containment IN DT NN VBZ VBN JJ IN IN DT JJ , arid , windy NN IN DT NN , Conroy VBD . 
" DT NNS VB VBG RB IN IN DT NNS , " PRP VBD , VBG DT NN TO VBN DT NN NNS IN DT JJ NN DT NN . 
JJ NNS VBD DT NN IN VBG DT NN . 
IN CD NNS , DT NN VBD <number> NNS IN NN NN . 
: NN Leong , NNP NNP NNP NNP <number> <number> <number> <number> 
-X- 
NNP Strategic Munis JJ $ <number> SYM NN . 
NNP NNP <number> 
Monthly 
JJS RB 
NN $ <number> $ <number> 
NN NNP <number> 
NNP NNP <number> 
NN : NN NN IN NN VBZ NNP Strategic Municipals NNP . 
-X- 
NNP Semiconductor VBZ IN NN NN . 
NNP NNP 
NNP <number> 
NNP NNP VBD Semiconductor <number> NN NNP IN DT expectation DT NN MD emerge IN DT JJR CC JJR JJ NN IN PRP$ JJ NN IN DT NN modem NN . 
DT NNP NNP , NNP , NN VBD RP <number> IN <number> IN PRP$ NN NNP IN PRP VBD TO VB IN IN DT RB JJ modem-chip NN CC NN RB IN DT NN IN NN fast-growing networking NN . 
" Certainly DT NN MD VB DT JJ JJR NN RB , CC PRP MD VB DT RBR JJ NN , " VBD NN Elias Moosa IN Roberston NNP CC NNP . 
CC NNS VBD IN NNP RB VBZ RB JJ NN RB IN PRP , VBG VBG RB JJ IN <number> NNS IN PRP$ NN , WDT RB VBZ <number> NNS , CC NN IN DT NN IN PRP$ PMC-Sierra NN , WDT VBZ VBG NNS CC chipsets IN JJ NN NNS . 
DT NN VBZ VBN NNS TO VB DT NN IN NNS IN $ CD TO $ <number> <number> CD TO VB IN DT NN IN NNS CC NNS CC VB severance NNS . 
NNP Randall IN Soundview NNP NNP VBD DT NN JJ MD VB NN VBG PRP$ modem-chip NN . 
" RB PRP VB PRP$ NN TO NN DT NN , PRP VBZ DT JJ NN POS NN , " PRP VBD . 
CC PRP VBD IN IN DT NN VBZ fastest-growing focusing IN DT NN IN PRP$ NN , DT NN IN networking NNS VBZ VBN TO VB DT NN IN much-larger NNS JJ IN NNP NNP NNPS NNP . 
" IN DT NN develops DT NN VBZ , VBP PRP JJ TO VB IN NN TO VB DT JJ JJR NN . " 
Randall VBD . 
JJ NNS VBD RBR JJ , RB IN DT NN VBZ VBN TO shrink TO RB JJR IN NN PRP$ JJ NN IN NNS . 
" PRP VBZ DT JJ JJ NN , " VBD NNP NNP IN Hambrecht CC Quist . 
" DT modem NN VBZ DT low-margin , NN NN , " PRP VBD . 
DT NN POS <number> PMC-Sierra NN VBD $ CD IN DT NN POS $ <number> CD IN NNS IN DT JJ NN IN DT NN , VBN IN $ CD IN NNS IN <number> modem NNS , NNP VBD . 
CC DT PMC NN VBZ RB RBR JJ , PRP VBD . 
NNP POS NN VBZ VBN IN DT JJ IN RB $ <number> DT NN IN DT NN NN NN VBZ VBN VBN IN VBG NNS CC NN IN slowing NN . 
: NNP NN <number> 
-X- 
Housecall NNS sink IN NN NN . 
NNP NNP <number> 
NNS IN NN NN NNS NN Housecall NNP NNP NNP VBD JJR IN <number> NN IN NNP IN DT NN VBD PRP VBD DT JJ NN IN DT JJ JJ NN . 
NNP NNP VBD PRP VBD DT NN TO underperform IN VB . 
Housecall VBD RP <number> TO <number> IN NN NN . 
DT Atlanta-based NN VBD JJ IN NNP IN $ <number> DT NN . 
NNP NNP VBD VBN DT NN TO VB $ <number> DT NN IN PRP$ JJ NN , VBD NNP <number> , VBG TO NNP VB . 
Housecall VBD JJ NN NNS CC NNS VBD VBN TO VB RB IN NNS . 
PRP VBD PRP$ NN NN , non-Medicare hospice CC NN NNS NNS VBD TO VB VBN NNS . 
PRP RB VBD DT limitation IN NNP NN IN DT NNS VBD IN DT NN . 
-X- 
NNP NNP JJ NN VBZ . 
<number> IRVINE , NNP 
NNP NNP NNP CC Subsidiaries 
NNP VBD NNP VBD NNP <number> <number> CD NNS 
<number> <number> <number> <number> 
Unaudited 
JJ NN 
<number> <number> <number> <number> 
JJ NN 
<number> <number> <number> <number> 
JJ NNP <number> <number> <number> <number> 
JJ NNP IN 
NN <number> <number> <number> <number> 
Weighted JJ NN IN 
NNS JJ 
<number> <number> <number> <number> 
Pro Forma : 
Historical NN IN NN 
NN NN 
<number> <number> <number> <number> 
Pro forma NN NN 
NN <number> <number> <number> <number> 
Pro forma JJ 
NN <number> <number> <number> <number> 
Pro forma JJ NN 
IN NN <number> <number> <number> <number> 
Pro forma JJ JJ 
NN IN NNS 
JJ <number> <number> <number> <number> 
-X- 
Oasis NN NNS IN NNP IN NN . 
NNP <number> 
NNP Gallagher , NN IN NNP POS JJ NN rock Oasis , VBD RP IN NNP TO VB DT NN CD NNS IN DT NN IN PRP$ NNP NN . 
Gallagher VBD PRP$ JJ NNS CC obscene swore IN NNS IN PRP VBN TO VB IN NNP POS NNP NN TO NNP . 
" PRP hate PRP f... ing NN , CC PRP VBP RB VBG PRP RB JJ NNS . 
PRP VBP RB DT supermodel PRP VBP , " PRP VBD . 
IN NNP , RB <number> NNS IN PRP$ NN VBD JJ TO VB , NNP VBD RB TO VB IN DT NN IN DT NN , WDT VBZ PRP$ NN Noel . 
NNP VBD DT NN RB TO NNP VBG PRP VBD " NNS IN NN " . 
PRP VBD VBN TO VB VBG IN laryngitis CC VBD PRP VBD TO VB house-hunting IN NN NN Patsy Kensit . 
WRB PRP RB VBD IN NNP VBD RB VBN RP IN DT NN IN DT NN IN DT NN , JJ NNP NNS VBD IN NNS IN PRP$ NN tickets . 
DT NN VBD DT NNP NN , WDT VBZ VBN TO VB IN NNP <number> , IN DT NN IN NNP IN NNP IN WDT Noel Gallagher VBN IN IN PRP$ NN IN NN NN . 
-X- 
Slough Estates VBZ VB NN NN . 
NNP <number> 
DT JJ NN IN JJ NNS CC DT NN IN upbeat Slough Estates NNP VBD TO VB DT NN NN IN NNP . 
NNS IN Slough , WDT RB VBD DT <number> NN NN IN JJ NN TO pretax <number> CD NNS , VBD RB CD NN , CC <number> <number> <number> TO NN IN NNP , IN JJ NNP VBD <number> SYM <number> TO <number> , NNP NNP VBD <number> SYM <number> TO <number> CC Hammerson VBD JJR IN <number> <number> . 
NNS VBD JJ NN IN NN NNS NNP NNP CC NNP Warburg RB VBN DT NNS . 
CD NN VBD JJ stances IN NNP NNP CC NNP Warburg VBD DT JJ NNS IN DT NNS . 
DT NN IN NNP NNP VBD DT NN VBD VBG TO VB DT NN IN DT NN . " 
PRP VBP VBN RB JJ ( IN NN ) , " PRP VBD , VBG : " IN DT JJ NN PRP VBZ PRP$ JJS VBN NN . " 
NNP Warburg VBN DT VBP IN DT NN NN IN NNP , VBG IN JJS IN DT NNS PRP VBD IN DT NN IN DT NN VBD VBG VBD . 
" IN DT NN NN PRP VBZ DT NN IN RB RB , RB JJ , " DT NN IN NNP Warburg POS NN NN VBD . 
NNP Warburg VBD PRP VBZ maintaining PRP$ NN IN CD NN NN IN rental incomes IN <number> , CC PRP VBZ shaved PRP$ NN IN NN NN TO CD NN IN CD . 
DT NN VBD NNP Warburg VBZ RB VBN DT " VB " NN IN Slough Estates POS NNS , CC VBD IN DT " VBZ DT JJ NN , RB IN IN DT NNS . " 
NNP POS NN Slough Nigel Mobbs VBD TO DT JJ NN IN DT NN , VBG IN DT NN IN " IN DT NN IN DT NN IN JJ JJ NN CC JJ NN RB , EX VBZ JJ NN TO VB IN DT NN NN MD VB PRP$ NN . " 
: NNP , NNP NNP Birt <number> <number> <number> <number> 
-X- 
NNP POS JJ NN NN NN shrinks . 
NNP <number> 
JJR NN IN JJ NNS CC JJR JJ NN NN RB VB DT NN IN NNP POS JJ NN NN IN <number> NN IN DT JJ NN , NNP NNP VBD IN NNP . 
DT NN VBD TO DT <number> seasonally VBN $ CD IN DT JJ NN IN $ <number> CD IN DT NN , IN NNS VBD DT NN $ CD <number> seasonally JJ IN Canadians VBN PRP$ NN RB IN <number> <number> NN TO $ CD . 
: NNP NNP ( Burea <number> <number> ) 
-X- 
JJ NNP NNP VBZ NNP IN NNP NNP . 
NNP , NNP NNP <number> 
NNP NNP NNP NNP NN VBD NNS IN JJ NNP NNP NNP IN DT NNP NNP IN NNP IN DT VBD NNP NNP NN NN , NNS VBD . 
NNP VBD IN NN TO Palestinian-ruled NNP CC IN DT JJ NN NN VBD IN NNS IN NNP . 
DT JJ NN POS NN , PRP$ JJ NN IN DT NN IN NNP VBD shaken IN NN NNS RBR DT NN , VBD IN DT backdrop IN DT JJ JJ NN IN DT NNP NNP CC NNP . 
NNP VBD DT four-hour NN , WDT VBD IN NN ( <number> NNP ) TO VB IN JJ NN IN NNS CC NNP . 
NNP POS JJ NN NN NN NNP VBD NNP MD VB NNS " IN DT JJS NNS IN DT NN NN CC JJ NN " . 
-X- 
NNP VBZ CD NN NNS VBD , <number> VBN . 
NNP <number> 
JJ NN NNS VBP VBN RP CD espionage rings IN JJ NNP CC VBN <number> NNS IN NNS IN VBG IN JJ NNS , DT JJ NN VBD IN NNP . 
Jomhuri Eslami VBD DT NNP NNP NN NN NN IN VBG DT VBN VBD TO NN JJ NN , photographing JJ NNS , VBG NN IN NN NNS CC " VBG pan-Turkism " . 
PRP VBD RB VB IN PRP VBD DT JJ CD NN rings , RB VBN IN JJ NNS , IN NNP VBD IN NNP PRP VBD VBN RP IN DT JJ NN , WDT NNS NNP . 
DT NNP NNS VBD VBN RB IN DT NN IN WDT NNP VBN NNP TO VB CD JJ NNS VBN IN VBG , CC NNP VBN CD JJ NNS IN PRP$ JJ NNS TO NNS IN JJ exiles . 
Ties IN DT CD NNS , VBD RB IN DT JJ NN IN NNP CC NNP WDT VBD JJ JJ NNS , VBP VBN IN NNP NNP NNP VBD RP IN JJ JJ NN IN NNP . 
DT JJ NNP IN NNP VBD NNP NNP NNP Fallahiyan IN VBG NNS VBN <number> NNS IN RB VBG IN NNP , DT NNP NNP CC JJ JJ NNS IN DT JJ NN WDT VBD IN NNP <number> . 
-X- 
JJ NNP NN NN : NNP VBZ DT JJ . 
NNP <number> 
NNP MD VB TO VB DT NN TO DT NN distillates NN NN IN DT NNP NNP NNP IN DT JJ NN , NNS IN DT NN VBD IN NNP . 
PRP VBD NNS IN JJ NN NN kerosene VBP VBN TO IN $ <number> , CC VBP JJ TO VB JJ IN DT JJ NN . 
" IN DT NN kerosene NN PRP MD VB JJ IN NN . 
DT VBP JJ DT RB JJ NN IN <number> NNS TO CD NN . 
PRP VBZ VBN <number> NNS TO NNP . 
DT MD VB IN DT sort IN NN NN IN DT NN , " CD VBD . 
" CC IN JJ NN DT VBN NN VBZ RB noticeable , DT NN VBZ IN <number> NNS . 
DT differential VBZ RB RB IN JJ IN DT , " PRP VBD . 
DT VBD DT NN IN NN kerosene IN IN <number> CC <number> NNS . 
CD NN VBD IN DT NN IN DT kerosene VBD IN NN IN Dubai ports , NN VBD TO exceed NN IN DT JJ NN . 
Jet kerosene VBD VBD IN $ <number> : $ <number> DT NN NN NNP IN NNP , RB IN $ <number> JJ NN . 
NNS VBN NNS TO VB IN JJ NNS IN DT JJ CD CC CD NNS , IN PRP VBP DT NN IN DT JJ NN IN NNP IN NN IN NNP cargoes . 
Gas NN , VBD IN $ <number> : $ <number> DT NN NN NNP , VBD RB VBN IN NNP IN JJ NN POS $ <number> : $ <number> . 
" IN NN NN , IN DT JJ NN NN CC NN VBP JJ TO DT NN RB , EX VBP DT NNS IN JJ NNP CC RB VBG IN NNP , " VBD CD NN . 
" DT NNPS VBP VBN CD cargoes , CC DT NN VBZ IN PRP MD VB RP IN RBR , " PRP VBD . 
NNP VBZ VBN <number> NNS IN NN IN CD cargoes , VBN IN DT NN NN , IN PRP$ NNP NN . 
NNS VBD DT NN MD VB NNP POS lowest IN JJ NNS . 
" IN NNP VBZ RB JJ NN IN <number> NNS , PRP VBP RB suspicious IN PRP MD VB JJR IN DT JJ NN IN NNP , " DT VBD . 
CC NNS VB DT NN VBG RB IN DT JJ , IN DT NN VBG RBR TO NNP . 
" PRP VB DT overhang IN NN NN JJ IN , " CD VBD . 
" Gas NN MD VB RB IN DT JJ NN RB TO NN IN DT NN IN RB $ <number> IN sulphur <number> NN ( NN ) . 
IN DT JJ NN IN NNP CC NNP PRP VB DT NN VBG RP TO <number> NNS . " 
NNS VBD EX VBD RB JJ NN IN CD NN sulphur NN NN NN , IN DT NN IN <number> TO <number> NNS . 
-X- 
NNP NN NN JJ manuscript thieves . 
NNP <number> 
JJ NNS VBP VBN CD NNS WP VBD VBG TO VB DT JJ NN IN DT NNP , DT NN Testament al-Akhbar NN VBD IN NNP . 
DT JJ VBD DT NNS VBD VBN TO VB DT undated manuscript TO DT JJ NN IN CD CD NNS ( $ <number> CD ) . 
RB DT NN NN undercover pretended TO VB JJ IN VBG PRP CC VBN PRP . 
DT NN VBD RB VB DT NNS IN DT manuscript CC VBD PRP VBD VBN VBD TO DT NNP NNP IN NNP . 
-X- 
NNP NNP NN VBZ IN NNP NNP . 
NNP <number> 
NNP POS JJ NN TO NNP NNP , Wyche NNP , VBD IN DT NN TO VB RP PRP$ NN , DT NNP NN IN NNP VBD IN NNP . 
NNP , DT NN CC JJ senator , VBD JJ IN NNP , DT NN VBD IN DT NN . 
NNP NNP NNP RBR DT NN invoked JJ NNS TO VB NNP IN DT JJ IN DT NNP VBN recess confirming PRP$ NN . 
NNP POS NNP predecessor Mabus VBD TO DT NNP NNP IN NNP . 
-X- 
JJ NNP NNP VBZ IN NNP NNP . 
NNP <number> 
NNP NNP NNP NNP VBZ VBN NNP IN NNP IN DT NNP NNP NN IN NNP TO VB NNS IN JJ NNP NNP NNP IN DT VBD NNP NNP NN NN , NNS VBD . 
DT JJ NN NN NN NNP VBD NNP MD VB NNS " IN DT JJS NNS IN DT NN NN CC JJ NN " . 
DT NN VBD NNP POS JJ NN IN DT NN IN NNP VBD shaken IN NN NNS RBR DT NN . 
-X- 
NNPS NN four-hour NN . 
VBN <number> 
NNPS VBN PRP$ shops IN NNP IN DT NN IN DT four-hour NN VBN IN NNP NNP NNP TO VB IN NNP POS NN IN JJ NNS CC NNP , NNS VBD . 
NNS IN NNP NNP NNP VBD RP PRP$ shutters DT <number> NNS IN DT VBN NN ( <number> NNP ) NN IN DT NN . 
JJ NNS VBD DT NN , DT JJ IN DT NNP NNP CC NNP IN <number> , DT NN NN IN DT NN NN IN NNP VBD IN NN . 
NNS VBD JJS shops VBD VBN IN NNS CC NNS IN DT NNS , IN DT NN IN NNP , DT NNP NNP NN RB IN JJ NN . 
-X- 
NNP NN JJ NN NNS NNS : NNP . 
NNP <number> 
NNP NN JJ JJ NNS NN IN DT NN VBD NNP VBN IN <number> purchasing exporters IN DT JJ NNS , IN NNS : 
JJ NNS : <number> <number> 
NNP <number> Nil 
NNP NNP <number> 
NNP <number> 
NNP <number> 
NNP <number> 
JJ : <number> 
A- VBZ <number> NNS VBN IN JJ . 
B- VBZ <number> NNS VBN IN JJ . 
JJ NNP Destinations : NNP , NNP , NNP NNP , NNP , NNP , NNP CC NNP . 
-X- 
NNP VBZ NN IN NNP NNS . 
NNP <number> 
NNP NNS NN NNP NNP VBD PRP VBD VBN DT NN Life <number> NN NN IN NNP NNP IN NNP CC Southland Life NNP NNP , DT NN IN DT NNP POS NNP NNP . 
DT NN VBD IN DT NN JJ IN NNP PRP MD VB DT enterprise NN CC JJ NN NN IN VBG DT DT mainframe NNS IN IN NNP CC Life Southland Life TO VB IN DT JJ NN . 
DT NN MD VB VBN IN NNP POS NNP NN . 
" DT NN POS NN VBZ TO VB PRP$ NN <number> NN NNS IN DT NN IN <number> , " DT NN VBD . 
: NNP NNP NN , ( <number> <number> ) 
-X- 
NNS NNP : NNP NNP NNP : NNP <number> . 
NNP NNP <number> 
DT NNP NNP NNP VBZ VBN NNP NNP NNP , VBG IN DT NNP NNP POS DT <number> delivering real-time on-line NN VBZ NN IN NN NNS IN PRP$ NN , DT NNP NNP NNP VBD IN NNP . 
DT NN VBD VBN IN NNP IN JJ NN IN NNP CC VBZ DT JJ NN IN WP constitutes DT " NN " IN DT NN NN . 
NNP NNP VBD DT NN contends misappropriating NBA NN IN VBG DT NN VBG continually VBN NNS CC NNS IN NBA NNS IN NN . 
DT NN RB VBD : 
SYM Baxter NNP NNP VBZ VBN DT NN TO VB NNP POS Immuno NNP NNP IN DT JJ NN VBN IN $ <number> miilion . 
SYM NNP NNP <number> secures $ CD IN NNS IN JJ , JJR <number> . 
SYM NNP NNP NNP VBZ VBN TO VB DT NN NN IN NN NNS . 
SYM NNP NNP NNP VBZ NN Cos <number> NN . 
SYM NNP NNPS NNP NN VBZ JJ IN NNP NNP NNPS NNP . 
SYM NNP Semiconductor NNP puts modem chipset VB RP IN NN CC NNS NNS . 
SYM NNP Lion Hotels NNP VBZ PRP VBZ VBG NN NNS IN Doubletree NNP . 
SYM NNP NNP , Baby Bells CC PRP$ NNS JJ TO VB NN TO telecommunications NN NN . 
SYM Economists VB JJ JJ JJ NN VBN RP <number> NN NN . 
SYM NNP NNP VBZ five-point NN TO VB RP toxic NN NNS . 
SYM NNP CC NNP NNP NNS TO VB stock-trade NNS IN NNS . 
SYM H&R NNP NNP NNS NN IN PRP$ NN IN CompuServe NNP . 
SYM NNP NNS VB NN pour IN RB IN NNP . 
SYM DT NNP NNP NNP CC NNP NNP NN JJ NNS IN NN IN NNS POS NNS . 
: NNP NNP NN , ( <number> <number> ) 
-X- 
NNP VBD JJ NN TO NNP IN NNP <number> . 
NNP <number> 
NNP NNP IN NNP NNP NNP VBD DT JJ NN TO NNP IN NNP <number> IN DT JJ NN TO VB DT impasse IN NNS IN NNP CC NNP , DT NNP NNP VBD IN NNP . 
DT NN VBD NNP VBD TO VB DT NN , CC authorised DT JJ TO VB PRP VBD NN CC VB DT NN IN PRP . 
NNP IN DT JJ NN VBD IN NNP trashed DT NNP NN IN DT NNP NNP NNP CD NNS RB IN PRP$ NNS TO nudge NNP IN NN IN NNP . 
NNP VBD DT NNP <number> NN IN DT JJ NN IN PRP VBP DT JJ , CC IN PRP$ NN IN DT GOP NN , NNP POS JJ NN NNP NNP VBD DT reporter IN PRP , DT NNP VBD . 
NNP VBD NN IN NN IN DT JJ NN IN NNP NNP NNP . 
-X- 
NNP VBZ NNP re-nomination . 
NNP <number> 
NNP NNP NNP VBD RB VBN IN NNP IN DT JJ NN NN IN DT JJ JJ NN IN DT NNP NNP . 
NNP VBD DT NN IN DT JJ state-by-state VB NN IN NNS IN DT NN NN CC MD VB IN DT NN IN NNP . 
PRP VBZ JJ NN NNP NNP IN DT NNP <number> JJ NN . 
-X- 
Beachcomber VBZ NN WDT MD VB NNP NN . 
ATLANTIC <number> HIGHLANDS , NNP 
DT NN IN foot-long debris bearing markings IN DT JJ NN VBD VBN IN DT NNP NNP shore CC VBN TO NNP NN NNS IN NNP NNP , NNS VBD IN NNP . 
DT NN NN IN DT shore IN NNP NNP NNP NNP VBD DT debris CC VBD NN WP VBN PRP TO NNP NNP , NNP NNP , WRB DT NNP NNP NNP NNP CC DT NNP VBP conducting DT NN . 
DT NNP NN VBD IN DT JJ JJ NN , VBG fireball <number> NNS , VBG IN DT NNP NNP IN JJS <number> NNS IN WRB DT debris VBD VBN NNP . 
JJ JJ NNS VBP VBN VBN VBD IN DT NNP NNP shore , JJS IN PRP JJ JJ NNS IN wallets , shoes CC NN . 
NNS VBD PRP RB VBP RB VB JJ NN TO VB IN DT NN , DT NN CC mechanical NN VBD DT NN . 
-X- 
VB : Rich JJ detail IN NNP NNP NNP unearthed . 
Leila Corcoran 
NNP <number> 
DT VBN JJ NN TO PRP$ writes still-enslaved NN , DT NN IN pleads Abraham NNP IN NN IN PRP$ NN CC DT poses maimed NN IN DT JJ VB IN RB VBN NNS IN VB DT NNP NNP NNP RB TO NN . 
NNP IN DT NN IN DT NNP Archives , NNS IN DT JJ NNP Conservation NNP VBP VBG DT JJ NNS IN volunteers WP VBD IN DT NNP RB IN PRP MD VB preserved IN microfilm . 
DT VBD NNS VBP VBN stowed RB IN DT Archives IN PRP VBD IN rarely <number> CC VBP VBN DT NN IN NN . 
DT NN POS VB VBZ DT JJ NN IN NN : muster enlistment NNS , NNS , JJ NNS , discharge certificates , NNS CC NNS . 
IN DT NN VBD RB CD NNS RB , corps volunteers VBP JJ IN JJ NNP NNS , VBG NNS IN NN IN DT unveiling IN NNP DT NN IN DT JJ memorial TO JJ NNS WP VBD IN DT NN . 
JJR IN <number> JJ NNS VBD CC <number> VBD . 
IN CD NN , DT JJ NN VBG NNP VBD PRP$ NN , " IN JJ VBZ DT JJ JJ NNS RB PRP VBP RB TO DT JJR NN WRB PRP VBP DT shall oportunity IN VBG PRP IN DT JJ enjoyment IN NN . 
" PRP MD VB TO DT ( sic ) IN PRP VBP RB IN slavery IN PRP VBP , PRP MD RB VB JJ IN PRP shall VBP VBN DT NN IN RB oppreses PRP IN IN DT NN IN CD NNS PRP shall VBP PRP$ liberty . 
NNP VBZ DT IN DT outpouring coloured NNS DT VBZ RB VBG IN DT NN IN NNS IN DT RB curse WDT VBZ separated PRP CC PRP . " 
IN DT NN VBN NNP , DT <number> well-to-do NNP matron VBD TO NNP TO plead IN PRP$ NN , WP VBD DT dishonourable discharge IN DT NN . " 
NNP VBZ DT prisoner IN DT NN IN thoughtless folly , IN DT WP VBP VBN NN IN DT NN VBP JJ , " PRP VBD . 
NNP POS notation IN DT NN VBD : " IN PRP$ NN MD VB IN VBG IN DT NN PRP VBZ JJ TO VB DT NN RB TO DT regiment , PRP MD pardon CC VB PRP . " 
DT NN VBD RB VBD . 
IN DT NNS VB TO DT anguish IN NN , DT VB IN DT JJ terrible amputee VBZ TO DT JJ NN IN DT NN . 
IN DT NN VBN IN PRP$ JJ discharge , Pvt . 
NNP NNP , IN NNS , haunted posed bare-chested TO VB PRP$ VBG NN CC NN , VBN RP IN DT NN IN NNP , NNP , IN NNP <number> . 
DT NN IN JJ NNS VBZ VBD JJ IN DT insight rhythms IN NN NN CC NN , VBD NNP NNP , NN IN NN IN NNP NNP NNP IN Carbondale CC editor IN Gen . 
Ulysses NNP POS NNS . 
" DT ( writings ) VBP RB RB CC DT poetic linguistic treasure trove . 
DT VBZ DT JJ NN IN NNP NNPS IN RB MD VB PRP IN NN CC NN , " NNP VBD . 
" PRP VBP EX VBZ RB DT JJ NN IN NN WDT MD VB PRP$ NN IN DT sociology IN DT NN , " VBD NNP NNP , NN IN NNP NNP IN NNP NNP IN NNP . 
DT NN IN DT NNP CC NNP VBN IN RB CD NNS , VBD DT NNS IN NN DT CD NNS CC RB DT NN POS seared consciousness . 
NNP NNS VBP RB VBN preserved . 
PRP VBD VBN IN IN microfilm <number> NNS RB IN DT NN IN DT NNP IN DT Daughters Confederacy . 
DT NNP NNP NNP VBZ RB Conservation retirees VBN IN NNS IN DT NN NN . 
Director Budge shepherded Weidman , WP VBZ DT NN IN DT NN , predicts PRP MD VB RP TO DT NN TO VB . 
DT NN VBD VBD IN DT NNP NNP NNP NN TO VB NN battlefields databases IN NNP NNP IN DT NN IN IN NNPS MD NN PRP$ NNS . 
DT NNS RB VB insight IN JJ NN IN DT NN . 
CD NN VBD discharged IN IN " JJ incapacity CC inebetude ( sic ) IN DT NN , JJ IN DT Patient TO VB VBN IN DT NN IN DT NN CC VBD TO arise IN RB JJ CC JJ masturbation . " 
-X- 
NNP VBZ IN NNP IN NN IN re-nomination . 
NNP <number> 
NNP NNP NNP VBD IN NNP IN NNP IN DT JJ NN VBN TO re-nominate PRP IN DT JJ JJ NN . 
NNP VBD IN IN NN IN NNP NNP , NNP , IN VBG DT JJ , <number> NN IN DT NN NN IN NNP . 
-X- 
NNP NN NNS IN NNP IN NN vow . 
Sylvie NNP 
<number> AJACCIO , NNP 
Separatist NNS VBN CD NNS RB IN NN NNS IN DT JJ Mediterranean NN IN NNP IN JJ NNS IN DT NN IN NNP , NNS VBD IN NNP . 
IN DT JJS IN DT NN IN NNS , DT CD NN ( CD NN ) NN RB VBN CD NNS IN NNP NNP NNS VBN RB <number> NNS ( NNS ) IN DT NN NN IN DT NN IN DT NN NN Ajaccio . 
DT NN VBD VBN . 
DT JJ NN , VBD IN CD NN ( <number> NNS ) IN JJ , VBD defused IN PRP MD VB IN , NNS VBD . 
DT JJ NNS VBN IN DT NN DT NN IN DT JJ " get-tough " NN IN NNP IN DT NNS , WP VBP JJR NN . 
NNP NNP Jean-Louis Debre , IN NN IN NN JJ NNS IN CD IN DT JJS IN JJ JJ JJ NN NNS , VBD DT JJ NNP Corse IN DT NN PRP VBD VBN " NN NNS " TO VB TO NN IN DT JJ IN DT NNS CC VB PRP TO NN . 
Judges IN DT NN VBD VBN NNP IN VBG DT NN IN NN NN IN lax conducting JJ CC widely-reported NNS IN NNS WDT VBP RB VBN . 
DT JJS NN , NN IN DT NNS IN DT JJ NNS , VBD NNS IN NNS VBD powerless . 
" DT NNS , DT NNS , DT NN NNS JJ IN DT NN , IN DT NN POS NNS , " DT JJ France-Soir VBD . 
" IN DT NN , IN IN DT Place Beauvau ( DT NNP NNP POS NNP NN ) , NNS VBP RB JJ WP VBZ WP CC WP VBZ VBG WP . 
PRP VBZ NN TO VB DT nightly NN , " VBD DT JJ JJ NNP Figaro IN DT NN . 
DT CD RB VBD NN IN NNP POS NNS , WDT VBD TO <number> DT NN IN NN NNS IN DT NN NN IN NNP , WRB JJ NNS VBD DT shaky seven-month NN . 
NNP VBZ VBN racked IN low-level principally separatist-inspired NN , VBN IN NN NNS , IN CD NNS . 
DT JJ NNP NNP VBD IN NNP DT JJ NNS VBD VBG VBG PRP$ NNS TO DT JJ JJ IN DT NN IN " <number> NNS IN NNS IN DT <number> continent VB JJR NN IN NNS IN NNP " . 
DT NN VBD NNS MD VB NN IN JJ NN RB VBN IN DT JJ IN VBG NNS IN NN NN NNS TO DT JJ stoke backlash IN DT NN . 
-X- 
NNP POS OM TO VB NNP NN NNS NN . 
STOCKHOLM <number> 
JJ NNS CC NN derivatives OM Gruppen NNP VBD IN NNP PRP MD VB DT JJ NN IN NN NN NNS IN NNP IN DT JJ NN IN <number> . 
" Together IN subsidiaries OMLX , DT NNP NNP CC JJ NNP CC NNP , OM OM Gruppen MD VB DT JJ JJ NN IN NN NNS IN DT JJ NN IN <number> , " OM Gruppen VBD IN DT NN . 
DT JJ NN TO VB VBN IN DT NN MD VB PULPEX pulp , CC OM VBD NN MD VB VBN TO VB NNS JJ IN timber , recycled NN CC JJ NN NNS . 
" DT NN IN Through PULPEX , NNP MD VB DT NNS NN IN NN NNS WDT complements VBG NNS IN NN , NNS CC POS softs POS ( NN , NN CC cocoa ) , " OM VBD . 
PULPEX VBD DT NN IN DT JJ NN NN IN NN IN OM CC NNS IN DT NN NN , DT NN VBD . 
JJ NNS IN DT NN IN pulp IN DT JJ JJ NNS VBP VBN pulp NNS POS NN unpredictable , CC VBD VBG IN JJ NN NN DT risky NN . 
" DT NN TO Without hedge NNS , NNS IN DT NN NN NN IN pulp VBZ VBN DT JJ NN IN NNS POS NN , " OM VBD . 
PRP VBD JJ NN IN <number> pulp VBD TO IN CD NNS IN NN , IN WDT IN NN CC <number> <number> CD NNS VBD VBN IN DT NN NN . 
IN JJ NNS , DT NN IN DT NN VBD IN $ <number> CD . 
PULPEX MD VB DT DT NN CC DT NN , clearing OM VBD , VBG IN DT JJ NNP CC NNP VBD VBN VBN IN Investments OM POS NNS . 
PULPEX POS clearing NN MD VB VBN IN DT NN NN VB VBN IN OM Gruppen TO PRP$ JJ NNS CC clearing NNS . 
: NNP NN , <number> <number> 
-X- 
Amsterdam-Rotterdam-Antwerp NN NN NNS NN . 
NN <number> 
NNP NN NNS VBN IN JJ Amsterdam-Rotterdam-Antwerp tankage IN DT NN VBD IN DT JJ NNS , IN week-ago CC JJ NNS , NN NNS VBD . 
DT NNS IN NNS IN NNS : 
<number> <number> <number> 
NN <number> <number> <number> 
Naphtha <number> <number> <number> 
NN Gas <number> <number> <number> 
NN NN <number> <number> <number> 
Jet kero <number> <number> <number> 
NNP NN NNS VBD RB IN NNS VBD IN NNP , CC EX VBD JJ inflows IN cargoes . 
Naphtha NNS RB VBD IN NNP RB VBD NNS CC DT cargoes VBD NNP . 
Gas NN NNS VBD IN DT cargoes VBG IN DT JJ NNP NNP , CC RB JJ throughput TO NNS IN NNP , NNP CC NNP . 
NN NN NNS VBD RB IN DT NNS , CC JJ straight-run bunkering NN VBG JJR NN . 
Jet NN NNS VBD IN DT NN NN VBD . 
: NNP , NNP NN Blenkinsop <number> <number> <number> <number> 
-X- 
JJ NNS IN anti-nuclear pantomime NN . 
NN <number> 
IN <number> JJ anti-nuclear NNS VBN IN NNP IN JJ NN NN IN re-enacting NNS IN DT NN PRP VBD IN NNP WDT VBD IN DT JJ NN IN NN . 
brandished Activists VBN IN NN NNS CC VBG DT theatre-prop NN NN IN " NNS " . 
NNS WP VBD VBD RP IN NN DT IN DT NN NN VBG NN VBD IN IN NN . 
JJ NNP NNS IN NNS CC NNS VBD VBN IN JJ NNS IN DT JJ NN Gorleben depot IN NNS IN NNS VBD TO VB DT NN IN NN IN NN CC NN . 
-X- 
NNP NN NN CD IN JJ Mafia NN . 
CATANIA , Sicily <number> 
JJ NNS VBD IN NNP PRP VBD VBN CD NNS IN NN IN DT slaying IN DT NN CC <number> Mafia nephew IN DT NN RBR DT NN . 
NNP , CC <number> Puglisi , Salvatore Botta VBD VBN RP IN DT Sicilian cemetery IN DT JJ NN IN NNP IN DT NN WDT VBN RB hardened anti-Mafia NNS . 
DT NNS VBD DT tip-off IN DT VBN NN WP RB VBD RP IN NNS POS NNS IN NNP . " 
PRP VBD TO VB DT NN IN PRP$ consciences , " DT NN NN VBD . 
PRP VBD DT NN VBD RB VB JJ IN DT NN JJ NN IN DT NN IN NN Mafia Nitto Santapaola . 
Puglisi VBD VBN IN PRP knelt VBG IN DT NN IN PRP$ JJ NN , WP VBD PRP VBD JJ NN IN DT Mafia ambush . 
Botta , WP VBD VBN TO DT Puglisi cemetary , VBD TO VB DT JJ NN CC VBD VBN CC VBN . 
-X- 
Thieves VB RP IN NN IN NN canteen . 
<number> LIMERICK , NNP 
<number> Thieves VBD RB JJ NNS ( $ <number> ) IN DT NNS POS Limerick canteen IN DT NN IN NNP IN warders VBD IN DT NN RB . 
NNS VBD DT thieves VBD DT NN VBG TO VB IN DT canteen , VBD PRP TO VB DT JJ WRB takings VBD VBD CC VBD RP IN DT NN . 
IN DT NN VBD VBG RP , JJ NNS VBD asleep IN DT NN IN DT canteen , WDT VBZ IN DT NNS IN DT NN IN NNP POS NN NN . 
-X- 
Italians VB HIV-pensioner IN harassing hookers . 
<number> GENOA , NNP 
JJ NNS VBD IN NNP PRP VBD VBN DT <number> NN IN PRP VBD JJ NNS IN NNS PRP VBD IN VBG AIDS . 
DT Pietro pensioner , VBD RB IN NNP , VBD NNS PRP VBD VBN IN AIDS HIV , DT NN , CC PRP$ NN VBD VBN IN DT NN . 
PRP VBD RB VB WRB PRP VBD VBN DT NN . 
NNS VBD DT NN VBD RB VBN VBN cruising red-light NNS IN DT JJ JJ NN , hurling NN IN NNS CC VBG JJ NNS IN PRP . 
NNS VBD PRP VBD IN PRP$ NN CD JJ NNS CC DT NN WDT MD RB VB blanks . " 
IN JJ NNS VBP JJ , DT NN PRP VBD IN PRP VBZ PRP MD VB VBN , " DT NN NN VBD . 
-X- 
Bodies VBD IN NN IN JJ NN NN : NNS . 
NNP <number> 
Bodies VBP VBN sighted CC DT NNS VBP RB VBN VBN IN DT NN IN NNP POS NN IN DT JJ NN IN NNP POS JJ NN IN Arctic Spitzbergen , JJ NNS VBD . 
" PRP VBP VBN JJ NNS , " VBD Rune Hansen , DT NN POS JJ NN , VBD JJ NN . 
DT JJ NN NN NTB VBD DT NN IN DT NN IN VBG DT NNS VBD VBN VBN . 
DT NNPS Vnukovo Tupolev <number> NN IN NNP , VBG <number> NNS CC DT NN IN <number> , VBN IN JJ NN <number> NN ( CD NNS ) JJ IN Longyearbyen , DT NN POS JJ airstrip , NNS VBD . 
NNP VBD RB IN rescuers <number> <number> NN ( NNP ) CC VBD RB RB IN JJS IN DT three-engine NN POS NN VBD VBN IN DT NN IN DT JJ Opera NN IN DT NN VBD VBD RP DT mountainside . 
NNP NN NNS VBD PRP VBD VBN NN IN DT NN , VBN TO VB IN IN <number> <number> NN ( NNP ) , RB IN PRP VBD JJ TO VB . 
coal-mining Spitzbergen VBZ DT JJ NN . 
DT JJ JJ NN VBZ IN DT JJ NN IN Barentsburg . 
NNP CC NNP NN DT NN POS NNS IN DT NN VBG RB TO DT <number> . 
-X- 
Galeforce NNS CC JJ NNS NN NNP . 
NNP <number> 
NNS CC Torrential galeforce NNS VBN NNP IN NNP VBG JJ NN IN DT NNS VBD JJR NNS IN <number> NNS IN PRP RB VB IN DT NN , DT meteorological NN VBD . 
VBD , Cellars VBD trees uprooted CC roofs JJ , CC EX VBD DT NNS IN DT NNS , DT NN NNS NN NN VBD . 
DT trains VBD VBN IN VBN trees VBN NNS . 
NNP VBN <number> <number> cm ( NNS ) IN NN IN DT JJ <number> NNS : VBN TO DT NN <number> <number> cm ( NNS ) IN NN : CC IN JJ communes IN DT NN IN DT NN IN TO <number> <number> cm ( NNS ) VBD , DT NNP NNP ( Meteorological RMT ) VBD . 
DT RMT NN VBD IN IN DT JJ NN IN Turnhout , DT NN IN NN scouts camping IN DT JJ meadow VBD TO VB VBN IN NN VBD PRP$ NNS . 
DT NN RB RB hindered JJ NNS POS excavations IN DT JJ NN IN Jumet , WRB PRP VBP VBG IN NNS IN CD IN DT NNS IN DT JJ NN IN DT JJ sex-and-murder NN . 
CC DT JJ NNS VBD RP lightly IN DT VBG WP VBD VBN VBN JJ TO DT NN IN NN tides CC JJ NNS VBD TO VB . 
-X- 
NNP NNS RB <number> pesetas IN <number> NNS . 
NNP <number> 
NNS IN JJ NN CC chemicals NN NNP VBD RP <number> pesetas TO <number> IN DT NN VBD JJ JJ NN NNS VBD NN TO <number> <number> CD pesetas IN DT JJ NN . 
DT VBD RB TO DT NN POS NN IN JJ NNS IN <number> CD . 
NNP IN NNP VBD RP <number> pesetas TO <number> RB IN DT NNS , VBG VBN RB <number> pesetas IN DT NNS VBD VBN . 
" PRP VBZ madness , " VBD DT NN IN DT NNP NN , VBG IN DT NN VBD overreacted TO DT NN . " 
NNS VBD VBG IN DT NNS TO VB RP IN VBG . 
DT NN VBZ VBN RB JJ CC RB JJ . " 
PRP VBN DT correction , RB RB RB IN DT NN . 
: NNP NNP <number> <number> <number> <number> 
-X- 
NNP NNS VBP NNS : NNS . 
NNP <number> 
JJ NN NNS VBD CD NNP NNS IN NNP IN DT NN RB IN DT NN NNP , DT JJ NN VBD IN NNP . 
DT JJ NNS VBD VBN JJ IN NN Nahar <number> <number> NN ( NNS ) RB IN NNP , Liberte NN VBD . 
NN NNS RB VBD DT JJ NN IN NNS IN DT JJ NN IN NNP IN DT NN IN NNP , NNP Leveilly Matin NN VBD . 
DT VBN <number> NNS , RB NNP NNS CC NN NNS NNS , VBP VBN VBN IN NN VBG NNP NNS IN NN NNS IN JJ <number> , WRB NNS VBD DT JJ NN IN WDT NNS VBD VBN DT JJ NN . 
-X- 
Finns VB CD NNS IN NN sex-abuse NNS . 
NNP <number> 
JJ NNS VBD IN NNP PRP VBD VBN CD NNS VBN IN RB VBG DT captive <number> NN , CC VBD RB VB DT NN VBD VBN TO NNS IN NNP . 
DT NNS , DT Finns VBN IN <number> , VBD VBN JJ NNP IN DT JJ NN IN Tampere IN DT NN IN DT luxury NN VBN IN CD IN PRP . 
DT NN VBD VBG VBN IN DT NN CC VBD VBN NN IN DT NNS , NN NN inspector Ilkka Laasonen VBD . 
" DT VBZ DT JJ NN CC PRP VBP RB VB DT NN VBG DT NNS TO DT JJ NNS , " Laasonen VBD . 
DT NN VBD VBN TO NN . 
DT NNS MD VB NNS VBG RP TO CD TO <number> NNS IN NN , PRP VBD . 
NNS VBD VBN VBG JJ JJ NNS CC DT NNS WP VBD RB JJ IN NNS IN DT NN IN JJ NNS , DT JJ NN Iltalehti VBD . 
-X- 
NNP VBZ VBZ DT Audi <number> NN NN . 
INGOLSTADT <number> 
Audi NNP NN NN NN NNP Demel VBD IN NNP IN DT JJ luxury NN , DT NN IN NNP NNP , VBD RB VB DT NN IN PRP$ <number> NNS IN NN NN NN . 
" PRP VBP RB VB DT NN IN PRP$ <number> NNS IN NN NNS , " Demel VBD NNP IN DT NN . 
Audi MD VB VBN JJ TO VB DT NN <number> CD NNS JJR IN <number> IN NN NNS VBD VBN DT JJ IN IN <number> , Demel VBD VBN DT NN NN JJ NNP . 
Demel VBD DT NN VBD hedged IN NN IN PRP$ NN NN IN <number> . 
: NNP NNP , NNP NNP , <number> <number> <number> 
-X- 
NNP NNP KEKKILA FULL-YR <number> VS LOSS . 
NNP <number> 
Fertilisers CC saplings NN Kekkila NNP VBD IN NNP IN DT NN PRP VBD DT VBG NN trend IN DT NN NN IN DT NN , CC DT JJ NN VBD RB JJ . 
" JJ TO JJ JJ fluctuations IN NNS , DT NN end-year trend MD VB VBG , CC VBN IN DT JJ NN NN trend DT JJ NN VBZ JJ TO VB VBD , " Kekkila VBD IN PRP$ JJ JJ NN . 
IN <number> , <number> Kekkila VBD DT CD NNS NN IN JJ NNS CC NN . 
IN DT JJ NN , VBD DT Kekkila <number> CD NNS NN , RB IN <number> CD . 
: NNP NNP : <number> <number> <number> <number> <number> : 
-X- 
INTERVIEW-T&N untroubled IN NN NN . 
NNP <number> 
DT NN IN JJ NNS CC NN NN T&N NNP VBD IN NNP DT NN VBD JJ IN DT JJ NNS IN PRP$ NN NNS IN NN IN VBN NNS . 
IN DT NN VBG PRP$ JJ NNS , WDT VBD DT RBR JJ NN IN DT JJ NN IN DT NN IN PRP VBD VBN IN DT NN , NNP NNP VBD Hope T&N VBD VBN JJ NN TO VB PRP IN NN NNS . 
VBG IN NN NNS , PRP VBD : " PRP VBP PRP$ JJS NN IN DT NN VBZ IN PRP MD RB bumble IN IN DT RB JJ NN PRP VBZ VBN IN DT JJ NN . " 
" PRP VBZ RB JJ TO predict DT NN ( trend ) DT NN . 
PRP MD VB RB , CC PRP MD VB JJR , " VBD , Hope echoing automotive DT NN NN IN NNS . 
" PRP MD VB NNS IN NNP CC NNP , IN NN , VBG TO VB CC VB . 
NNP , RB , VBZ VBG DT JJ JJR , " PRP VBD . 
Compared IN DT NN IN JJ NN , WRB T&N VBN DT JJ JJ NN CC DT NN RB IN <number> , Hope VBD : " PRP VBP DT NN ( RB ) VBZ DT JJ NN VBZ RB RB VBN RB JJ IN DT VBD PRP VBD VBG TO VB , CC equally PRP VBP RB RB predicting DT NN IN DT JJ NN . " 
IN DT NN , Hope VBD DT NN VBD JJ PRP VBD rationalised CC destocked RB IN DT VBD VBN NNS , WDT VBD VBN TO NN IN <number> <number> NN DT NN RB . 
" PRP VBP DT NN IN <number> NN IN DT JJ NN , WRB PRP VB DT NN IN PRP VBP VBN destocking , DT RB JJ NN NN , CC DT NN IN PRP VBD DT ( JJ NNP ) NNS RB VBZ RB JJ . 
" PRP VBZ RB VB WRB PRP MD VB JJ TO VB RB IN <number> NN RB , " PRP VBD , VBG : " PRP VBP TO VB RB relaxed IN PRP$ JJ NN IN PRP MD NN <number> NN NN NNS IN DT cycle . " 
" PRP VBP RB VBN DT NN IN PRP VBP DT sort IN NN WDT VBZ RB JJ IN VBG IN JJ NNS : PRP VBP RB VBN TO PRP . 
CC PRP VBP RB JJ IN PRP VBP VBG DT DT JJ NNS , " Hope VBD . 
" WRB DT ( NN ) NNS MD VB RB RB RB VBZ RB DT NN IN NNS VBG RB DT fraction , " PRP VBD . 
Commenting IN DT JJ NN TO VB NN IN JJ NN piston Kolbenschmidt , WDT VBZ VBN VBN IN JJ obstacles , Hope VBD T&N POS NN " VBZ TO VB " IN PRP MD RB VB JJ TO VB . 
: NNP , NNP NNP , Huddart <number> <number> <number> <number> 
-X- 
Earthquake jolts NNP Zealands NNP NNP . 
NNP <number> 
DT NN VBG <number> IN DT NNP NN VBD NNP Zealands JJ NNP NNP IN NNP CC EX VBD DT NNS IN NNS , NNP NNP NNP VBD . 
PRP VBD DT NN , VBN IN DT JJ NN IN Waiau , VBD RB VBN IN DT NNS IN NNP CC NNP . 
DT JJ NN VBD VBN VBN IN DT NN IN spa Hanmer . 
NNP NNP VBZ prone TO JJ earthquakes CC PRP rarely NN JJ NN . 
DT NN VBZ RB <number> CD NNS IN DT NN IN DT NN IN NNP CC NNP . 
-X- 
NNP NNP POS NNP VBZ NN , smooth NN . 
NNP Trevelyan 
NNP <number> 
NNP NNP NNP NNP NNP NNP VBD IN NNP PRP VBD DT NN POS NN TO VB VBG IN IN CD NN CC IN DT fluctuations IN NN TO NN . 
NNP , WP VBD DT NNS IN DT NN TO NNP NNP , RB VBD RB IN NN IN VBG DT NNP NNP NN VBD TO PRP$ NNP NN , CC VBD NNS IN NNP IN JJ NN POS NN VBD VBG RB . 
NNP NNP POS NN VBD IN RB <number> NN IN DT JJ NN , RB IN <number> NN DT NN RB , CC DT JJ NN NNS VBP VBN NNS PRP$ NNS IN DT <number> NN . 
JJ NN NN NNS MD VB VBN WRB DT NNP NNP NN NNS PRP$ half-yearly JJ NN IN NNP . 
" PRP$ trend NN NN IN CD NN IN JJ NNS VBZ RB JJ , " NNP VBD DT NN NN IN NN NNP NNP NNP NNP NNP NNP . 
" EX MD VB fluctuations IN JJ NNS , CC PRP MD RB VB DT JJ NN , " PRP VBD . 
PRP VBD NN VBD IN NN CC DT NNP NNP NN VBD " rock JJ " . 
PRP$ NN TO DT NNP NN VBD VBD DT NN IN NN IN DT JJ <number> NNS . 
" EX VBZ absolutely DT JJ CC JJ CC JJ NN IN PRP TO VB . 
DT NN IN NN IN NNP NNP , DT IN WDT ( VBZ ) IN NNP , VBZ predicated IN DT NN VBG . " 
NNP MD VB IN NNP NNP TO JJ NN IN NN IN NNP <number> , <number> . 
NNP VBD CD NNS IN NNS IN JJ NNS IN NNP NNP POS <number> NN , WDT MD NN DT NN NN , VBD VBN RB . " 
NN IN PRP$ JJ precepts VBP VBN VBD . " 
NNP NNP MD VB PRP$ JJ NN IN DT NN , VB PRP$ JJ JJ CC JJ NN CC VB NN IN PRP$ JJ JJ NN NNS . 
PRP MD VB DT NN TO VB DT NNS TO NNP , NNP VBD . 
PRP VBD DT NN IN DT NN NN IN " RB JJ RB " . 
" PRP VBP , PRP VBD IN DT JJ NN CC DT JJ trough IN DT JJ JJ NNS . 
IN IN NN IN DT NN PRP VBD JJ NNS , CC PRP VBP RB draconian NNS , CC PRP VBD PRP RP TO earth . " 
NNP VBD DT NN MD VB TO VB IN NN CC NN VBD JJ . 
DT NN MD VB NN IN DT NN TO VB rentals " VBG IN DT NN " , CC DT MD VB reclamation , IN JJ JJ NNS . 
" EX MD VB IN DT JJ DT RB RB VB , JJ IN PRP$ JJ NN NN , " PRP VBD IN NN TO DT NN NN . 
NNP , DT JJ JJ NN IN DT NN IN DT NN CC NN NN , VBD PRP$ JJ NN VBD TO VB IN JJ NN IN CD NNS IN JJ NN CC CD NNS IN NNP . 
-X- 
NNP NN VBZ JJR , JJ NN VBN . 
NNP <number> 
DT NNP NN VBD RB JJR IN NNP IN JJ NNP NN NN IN DT NN NN , CC NNS VBD DT NN VBD JJ TO VB narrowly IN DT JJ NN . 
DT NNP NN VBD IN JJ NN IN NN NNP NN NN , CC DT downtrend VBD RB VBD IN NNP NN NN VBD . " 
Banks VBP RB VB TO VB JJ NNP NN NNS IN DT NN , " VBD CD NN , VBG IN DT NN VBD JJ TO hover IN JJ NNS . 
DT NN VBD IN T$ <number> IN NNP POS T$ <number> . 
NN VBD $ <number> CD . 
: NNP NNP ( <number> ) 
-X- 
NNP NNP VBZ RB CC RB NNS . 
JJR <number> 
Simex NNP NNS VBD JJR CC RB DT NN POS NNS IN NNP . 
NNS VBD VBG IN DT NN VBD DT JJ IN NNP POS JJ JJ JJ NN IN DT NNP IN NNP . 
" DT NNP VBZ VBG NN IN DT <number> NN . 
Sentiment VBZ DT NN JJ IN NNS VBP focusing IN DT JJ NN IN DT NN IN DT NN , " VBD DT NN IN DT JJ NN . 
NNP NNP VBD IN <number> IN touching DT intraday JJ IN <number> IN PRP$ JJ NN IN <number> . 
NN VBD <number> NNS . 
NNS VBD technically , DT NN MD VB JJ NN IN <number> CC DT RB MD VB VBN IN <number> . 
: Doreen Siow <number> 
-X- 
Siam JJ VBZ NN NN NNS . 
NNP <number> 
DT NN VBN IN NNP POS Siam JJ NNP NNP VBZ VBN IN NN DT NN TO VB CD NN NN NN NNS JJ DT VBD <number> CD NN , DT NN IN DT NN VBD IN NNP . 
DT NN NNP NNP MD VB NNS JJ CD CD NN CC DT metropolitan Waterworks NNP MD VB NNS JJ <number> CD , DT NN IN banker Siam JJ NNP VBD NNP . 
DT NN , VBD RP IN CD JJ NNS , VBD DT JJ NN NN IN <number> NN IN DT NNS , PRP VBD . 
DT NN NN NNS MD VB JJ maturity CC MD VB VBN IN NNP <number> , PRP VBD . 
: NNP NN ( <number> <number> ) 
-X- 
M'bishi Gas NNS NNS IN <number> JJ . 
TO <number> 
NNP : NNP Gas NNP NNP NNP 
NNP NN : NNP NNP NNP NNP 
NNP : FISCAL Tokyo-Mitsubishi NNP 
NNP JJ NN JJ DT <number> NNP <number> NN NNS 
NNP NNP NNP NNP NN <number> <number> . 
<number> 
NNP NNP POS NN NNP <number> . 
<number> 
NNP NN INT <number> . 
<number> INT NN <number> . 
NNP SYM NNP 
NNP NNP IN NNP NNP SUB <number> . 
<number> 
NNP NNS JCR JBRI DT NNP NNP 
-X- 
NNP NNP , Daewoo telecom Dacom NNS IN JJ NNP . 
VB <number> 
NNP NNP POS JJ Daewoo Daewoo NNP , NNP NNP NNP NNP , NNP CC Dacom Dacom NNP VBP VBN RP DT JJ NN TO VB telecommunications NNS IN NNP . 
Daewoo Dacom NNP ( NNP ) NNP , WDT VBD VBN RP IN DT JJ NN IN $ <number> CD , VBZ VBN TO VB NNS IN $ CD IN DT NN <number> <number> , DT Daewoo NN VBD IN NNP NNS 
<number> Daewoo NNP MD VB DT NN NN IN DT NN , NNP Dacom <number> NN , NN , CC <number> Dacom Daewoo NNP <number> NN , DT NN VBD . 
Daewoo NNP CC Daewoo Daewoo NNP VBP NNS IN NNP . 
: NNP NNP ( <number> <number> <number> ) 
-X- 
NNP CC NNP : <number> NN NN . 
TO <number> 
NN TO NNP <number> , <number> 
( IN NNS IN NNS IN VBN ) 
NNS NNP 
( NNP ) NNP NNP 
NNP NN NNS <number> <number> NNS 
: NNS <number> Commem NN : 
NN : NNP CC NNP NNP NNP Made manufactures NN NNS CC VBZ ski NN . 
-X- 
NNP VBZ IN NNP VBP NN . 
NNP <number> 
NNP VBD IN NNP TO VB RP DT NN NN NN IN DT NNP VBP RBR DT NN , VBG PRP VBD VBG VBN IN DT JJ RB IN DT JJ NN , DT NN Antara NN NN VBD . 
DT NN VBP RB VBG DT NN . 
PRP VBZ evident DT happening VBZ RB RB motivated CC RB DT JJ JJ NN , DT NN NN VBD NNP NNP JJ NN Major-General Utomo IN VBG . 
DT NNP NN NN IN DT VBP IN Indonesias JJ JJS NN IN NNP , VBD JJ NN TO DT NN IN VBG RB guard extinguished , DT NN IN DT NNP NN IN NNP , <number> <number> NN ( NNS ) NN IN NNP , VBD IN NNP . 
DT NN VBD injures , PRP VBD . 
Nobody MD VB CC exaggerate PRP IN VBG PRP DT NN IN PRP VBD RB DT JJ NN , Utomo VBD . 
PRP VBD NN VBD VBG DT NN CC NNS IN JJ NNS IN NNP MD VB VBN RP . 
-X- 
NNP : Facilities <number> NN NN . 
TO <number> 
CD NNS TO NNP <number> , <number> 
( IN NNS IN NNS IN VBN ) 
NNS NNS NNS 
( NNP ) NNP NNP NNP 
NNS <number> <number> <number> 
JJ <number> <number> <number> CD 
JJ <number> CD <number> CD <number> CD 
NN : NNP NNP NNP VBZ CC Facilities rents NNS IN Haneda ( NNP ) CC Itami ( NNP ) NNS . 
-X- 
NNP JJ NNS VB NN IN NNP NN . 
IN VBG <number> 
NNP NNP NNP JJ NNS VBD VBN DT NN IN NNP TO NN DT NN NN IN PRP VBG IN DT Beijing-backed NN TO VB DT NN POS JJ post-handover NN CC NNS . 
DT NNP NNP VBD IN DT JJ NN contesting DT NN MD VB VBN IN NNP <number> , CD NNS IN DT NN NN IN DT Selection NNP VBZ . 
DT NN VBZ DT NN , VBD RBR DT NN , VBZ JJ TO VB DT JJ NN IN NN IN JJ NNS VBP VBN IN VBG NN NN . 
JJ NNS VB DT NN stymies PRP$ JJ NNS . 
DT <number> Selection NNP MD VB NNP NNP POS JJ JJ NN TO VB DT JJ NN CC DT provisional NN TO VB IN IN DT VBN NN WDT NNP VBZ TO VB . 
NNP NNP , DT JJ NN IN JJR IN <number> NNS , MD VB VBN RB TO NNP IN NN IN NNP <number> JJ NN . 
NNP VBZ TO fully-elected dismantle DT NN POS JJ NN IN PRP VBZ NNP POS JJ JJ NNS CC VB DT JJ VBN NN , DT NN WDT VBZ VBD considerable NN . 
DT JJ NN VBD IN directorate-grade bureaucrats MD VB TO RB IN <number> <number> IN DT RB JJ NNS VBN . 
NNS NNS VBP RB contesting DT NN , WDT VBZ DT <number> NNS , CC CC VBP DT RB JJ tier IN NNP NNP POS NN , DT NN mandarin secretaries . 
JJR IN <number> NN NNS IN NNS IN DT Selection NNP VBP VBN VBN RP IN DT NN NN VBD . 
PRP VBZ IN NNP <number> . 
-X- 
NNP Refining NN VBN TO VBN NNP <number> . 
JJR <number> 
NNP NNP ( Refining SRC ) VBZ VBN TO NN PRP$ <number> barrel-per-day ( NN ) NN distillation NN ( NNP ) IN NNP , DT NN NN VBD IN NNP . 
" PRP VBP NN VBZ stuck , " DT NN VBD . " 
CC NN VBZ VBN VBN IN PRP VBP RB VBG IN DT X-ray NN TO VB DT NN . " 
DT NN VBD DT NN VBD VBN IN DT JJ NN IN WDT NN NNP POS NN VBZ <number> varied IN JJ NN IN NN TO RB JJ IN <number> <number> VBN , VBG IN DT NN VBG NN . 
" PRP VBP VBG DT NN IN NNS , " VBD DT NN . 
DT RBR NN IN NNP DT . 
<number> <number> VBD IN NNP WRB DT NN NN VBD DT NNP MD VB VBN RB RB IN NNP IN NNS TO DT NN exchanger . 
CC IN NNP , DT NN NN VBD NNS VBD VBN VBN RP IN DT NN . 
DT NN VBZ VBN <number> SRC co-owned IN DT NNP NNP NNP , NNP NNP , DT Petrolem CC joint-venture IN NNP NNS Texaco Chevron NNP CC NNP . 
: NNP NNP ( <number> ) 
-X- 
JJ NNS TO Loxley <number> <number> NN NN . 
NNP <number> 
Reviewed JJ NNS IN DT JJ CD NNS VBD NNP <number> , <number> . 
( IN NNS IN NN IN JJ ) 
CD NNS 
<number> <number> 
NN ( NN ) <number> <number> NNP 
JJ <number> <number> NNP 
NNS : JJ NN NNS RB JJ . 
NN NN IN NN VBZ Loxley Publications NNP . 
: NNP NN <number> 
-X- 
NNS : NNP : VBN NNP <number> . 
NNS : JJ MTH SYM MTH PVS YR-AGO NNP NNP 
NNP ( NN ) NNP <number> : <number> <number> <number> : 
Yr SYM NN NN ( NN ) <number> <number> <number> <number> : 
NN Core <number> <number> <number> : : 
Yr SYM NN NN <number> <number> <number> : : 
NNP : ( JOBLESS INEM ) <number> : <number> : <number> <number> : 
NNP ( NN ) <number> <number> <number> : : 
NN IN PAYMENTS 
NNP ( NN NNS ) NNP : <number> : <number> : <number> : : 
Cur Acc ( NN NNS ) NNP : <number> : <number> : <number> : : 
RESERVES ( $ NNP ) NNP <number> <number> <number> <number> : 
PRODUCER PRICES ( NN ) NNP : <number> <number> <number> <number> : 
Yr SYM NN NN ( NN ) <number> <number> <number> <number> : 
INDUSTRIAL PROD . 
NNP : : : : : 
Yr SYM NN NNS ( NN ) : <number> <number> <number> <number> : 
<number> NNP NNP ( NN ) NNP <number> <number> <number> : : 
JJ <number> adj . 
( trln NNS ) : : : : <number> 
TRADE NNP 
NNS ( NN NNS ) NNP <number> <number> <number> : : 
NNS ( NN NNS ) NNP <number> <number> <number> : : 
Deficit SYM NN NNP : <number> : <number> : <number> : : 
Deficit NN TO VB : <number> : <number> : <number> : : 
GOVT.BUDGET ( NN NNS ) Govt.Fcast <number> 
Deficit SYM NN NNP <number> : <number> <number> : 
Def . 
SYM NN TO VB : <number> : <number> : <number> trln <number> : 
NNS : JJ QUARTER PVS QTR YR-AGO : : 
EPA <number> <number> <number> <number> <number> CD 
NNP 
Yr-yr ( NN ) <number> <number> <number> <number> : : 
NN ( NNS ) Absolute trln <number> <number> <number> <number> : 
NN NNS JJS NN Pvs NN NNP VBN 
NNP NN ( NN ) <number> <number> <number> 
NNS : NNP IN NNP VBZ NN IN NNS . 
Jobless NNS VBP VBN JJ IN NN NN . 
NNP NNS VBP customs-cleared , VBN IN NN NN . 
JJS <number> , NN NNS , JJ NN NNS VBP provisional . 
NNP NNS VBP JJ IN annualised NN . 
EPA : JJ NN IN employment NNS ( INE ) . 
NNP VB variation IN VBN NNS , IN NNS . 
JJ NN : TOTAL- VBZ JJS IN jobless CC VBN IN DT NN ( NNP JJ NN corresponds TO <number> ) . 
NN NN NNS relate TO JJ NN finances RB . 
NNP NNP ( NN **General <number> ) , NN NNS NNP CC NNP NN NNP ( <number> ) . 
-X- 
NNS NNP : NNP : NNP <number> . 
NNS IN JJ JJ NNS . 
NNP VBZ RB VBN DT NNS CC VBZ RB NN IN PRP$ NN . 
NNP NNP 
: NNP VBZ NN IN NN IN obstructing Lasa-Zabala ( CD IN GAL NNS ) NN 
NNP NNP 
: NN VBZ TO VB IN prescriptions CC DT JJ NNS 
VBG <number> 
: NNP NNP VBZ NN VBZ NNP Gomez Liano obstructing NN 
NNP 
: NNP NNP NNP NNP Aznar , JJ NN 
NNP NNP 
: BCH IN DT hive IN JJ NNS 
NN 
: Coopers CC Lybrand emigrates TO NNP NNP IN JJ NNS 
NNP NNP NNP NNS 
: NNP CC JJ NNS VBN DT NN IN NN NNS 
-X- 
Lenzing VBZ JJ NNS IN <number> . 
NNP <number> 
JJ viscose fibre NN Lenzing NNP VBD IN NNP PRP VBD TO VB JJ NN NNS IN DT JJ NN IN DT NN IN VBG NNS IN DT JJ CD NNS . 
" DT preview IN DT JJ NN IN <number> VBZ RB VB DT NNS IN DT JJ NN IN NN NNS , " Lenzing VBD IN DT NN VBN RB IN PRP$ NNS NN . 
IN DT JJ CD NNS IN DT NN , Lenzing VBD PRP VBD DT NN JJ NN IN CD <number> <number> schillings IN DT NN IN CD IN DT JJ NN . 
DT NN VBN DT JJ NNS TO JJ NN CC VBG NNS IN viscose fibres , RB RB IN JJ economies IN DT NNP . 
: NNP NNP , NNP NN , <number> <number> <number> 
-X- 
NNP NNS NNP IN NNS NN . 
NNP <number> 
NNP , VBG DT JJ NN IN NNP JJ NNS , VBD NNP IN NNP IN VBG JJ NNS TO VB IN NNP . 
DT JJ NN , JJ TO VB VBN IN NNP IN NNP <number> , VBZ VBN NN CC NN IN JJ JJ JJ NNS IN NNP WDT VBZ RB VBG JJ NNP fundamentalists . 
NNP NNP NNS VBP RB VBD NN IN PRP VBD JJ NNP NNP RB RB IN DT VBN JJ NNP NNP NNP ( NNP ) VBP IN DT JJ NNS VBG DT NN . 
DT JJ NN NN VBD IN DT NN VBN IN JJ NN IN NNP " VBZ VBN IN NN DT NN IN DT NN IN JJ NNS VBG IN DT NNS IN DT JJ CC JJ NN . " 
" NNP VBZ PRP$ JJ rejection IN DT NN VBG RB masterminds CC ideologists CC financers IN NN , " DT NN VBD , VBG DT JJ NN VBZ VBN DT JJ NN IN NNP IN clarifications . 
DT JJ NN IN NNP VBZ RB VBN IN clarification IN DT NNP NNP IN DT NN IN JJ NNS . 
NNP VBD " PRP VBP RB VBG TO VB DT NN " IN JJ NNS . 
NNP NNP NNP NNP NNP VBD IN NNP IN NNP PRP$ NN MD RB VB NN IN DT VBN NNS NN IN NNP IN JJ NN VBD VBN . 
" NNS WP VBP TO VB NNS IN NN VBP RB VB TO VB NN IN DT NN IN NNP , " PRP VBD . 
DT VBN <number> NNS , VBG JJR IN <number> NNS , VBP VBN VBN IN NNP POS NN VBG NNP NNS IN NN NNS IN JJ <number> WRB NNS IN NNP VBD DT JJ NN IN WDT NNP VBD VBN DT JJ NN . 
-X- 
NNP NNP NNS : NNP NNP IN RB <number> <number> , <number> . 
SYM 
NNP NNP ( NNP ) DT <number> IN <number> NNP <number> amending NNP ( NNP ) DT <number> VBG RP NNS IN DT NN IN NNP NNP ( NNP ) DT Code <number> VBG DT NNP NNP NNP IN NN . 
-X- 
NNP NNP ponders NNP POS NN IN NNP NNS . 
Donna Sells 
NNP NNP 
DT NN IN DT NNP NNS VBN IN DT JJ topic IN NNP NNP DT NN IN JJ pundits debated IN NNP NNP MD forgo DT JJ NN IN NNP NN IN NNP NNP VBZ VBN . 
NN VBN IN DT NN NNS IN NNP POS NN NNP NN VBZ VBN PRP$ unflagging NN IN DT NN . 
NN IN NNP MD RB VB IN PRP$ NN VBD IN PRP sidestepped NNS IN DT JJ NNP NN IN NN NNS IN DT JJ NN IN NNP DT NN . 
Should NNP VB , NNP NNP MD VB IN PRP MD VB PRP$ strong-dollar NN IN PRP . 
NNP POS predecessor IN DT NNP , NNP , VBD Bentsen viewed IN NN IN DT IN DT JJ NNS WP VBD PRP VBD VBN TO VB IN DT NN TO VB DT NN IN NN NNS IN NNP . 
" RB , IN DT NNP NN , PRP VBP VBN CD distinctively JJ NN NNS , " VBD NNP Widness , DT JJ NN IN Chase NNPS NNP " IN NNP , DT NNP VBZ RB VBD IN DT JJ NN . " 
DT NN , VBD RP IN timely instances IN JJ JJ NN NN , VBD DT NN NN RB IN NNP NNP NNS IN post-Second <number> JJ NNS IN NNP , <number> <number> <number> , CC JJ NNS IN NNP <number> , <number> . 
Currently , DT NN IN IN NNS CC <number> stands <number> NNS . 
NNP VBD RB VBD IN DT NN IN DT NN POS NN , VBG NNS CC <number> expertise VBD IN NNS IN NNP NNP , NN IN WDT VBD VBN IN co-chairman IN NNP , NNP CC NNP . 
NNP . 
" NNP VBZ VBN DT JJ NN IN DT NN , " VBD NNP Faust , DT NN NN IN Bailard , Biehl CC Kaiser , WDT VBZ RB IN $ <number> CD IN JJ NNS CC NNS . 
" Anyone WP MD VB IN RB TO VB PRP MD VB JJ awfully shoes TO VB . " 
Fear IN DT JJ NNP NN MD NN DT NN TO Bentsen-era NN MD VB NN IN JJ NNS . 
DT JJ NNS MD VB RB IN VBG NNP NNS CC NNS CC RB VB PRP WRB DT NN VBZ NN . 
IN IN NNP NNP NNS , VBN IN NNP POS Greenspan Widness reappointment IN NN IN DT NNP NNP CC DT NN IN DT JJ NN VBD RBR JJ IN IN NNP VBZ IN DT NNP . 
" IN , IN PRP VBD VB NN WDT VBD VBN IN VBG IN DT NN depreciation , PRP MD RB VB NN NNS TO DT NNP NNP , " VBD Widness , VBG IN MD VB NNP NNS CC , TO DT lesser NN , NNS . 
RB , NNS MD VB JJ TO NN IN DT NNP NN IN DT NN NN NN VBZ VBN JJ NNS . 
IN DT VBZ JJ , RB DT JJ NNP NN MD VB TO VB RB JJ IN NNP IN NN NNS IN DT NNP NNP VBZ RB VB DT JJ NN . 
" IN PRP VBD , DT JJ NN NNS MD VB DT JJ guy VBZ , '' WP VBZ PRP$ NN IN DT NN . '' 
" VBD NNP Perelstein , NN NN IN NNP MainStay Funds . 
" CC DT PRP MD VB IN DT NN IN NN VBZ IN PRP MD RB VB RB DT JJ NN ( IN NNP ) , IN RB JJR , " Perelstein VBD . " 
Otherwise , PRP VBP VBG IN IN NNP CC NNP RB . " 
-X- 
NN : NNP NN SCOTLAND <number> <number> IN JJ NN . 
<number> AMSTETTEN , NNP 
NNP VB NNP <number> ( NN <number> <number> ) IN DT JJ NN NN IN NNP . 
NNS : Ewald Brenner ( <number> NN ) , NNP Stieglmair ( <number> ) , NNP Brunmayr ( <number> CC <number> ) . 
NN : <number> 
-X- 
NN : WALES NN NNP MARINO <number> IN <number> NNP . 
<number> BARRY , NNP 
NNP VB NNP Marino <number> ( NN <number> <number> ) IN DT JJ NN NN IN NNP . 
NNS : 
NNP : NNP Hartson ( <number> , <number> CC <number> NNS ) , NNP NNP ( <number> ) 
NN : <number> 
-X- 
VBG : NNP NNP IN NNS BALLANGER STYLE . 
NNP NNP 
NNP , NNP <number> 
Felicia Ballanger IN NNP VBD PRP$ NN IN DT NN POS NN CD NN NN WRB PRP VBD PRP$ NN IN DT NN NN NNS IN NNP . 
Ballanger VB NNP POS NN NNP IN DT <number> best-of-three NNS JJ TO VB DT NN NN TO DT JJ NN NN PRP VBD IN NNP . 
NNP RB VBD JJ NN IN DT JJ , Magali Faure VBG ex-world NN NNP NNP IN NNP <number> . 
Ballanger , <number> , MD VB VBG TO VB DT NN JJ WRB PRP VBZ PRP$ <number> NNS NN NN NN IN NNP . 
DT JJ JJ IN DT NN , DT NNS POS <number> NNS NN , RB VBD IN NN IN DT VBG NN . 
NNP POS NNP Samokhalova VBD RP DT Quigley spirited NN IN NNP NNP TO VB DT NN IN DT JJ NN . 
NNP , DT JJ NN TO VB CD NNS IN DT NN , VBD JJ NN IN PRP$ numerical superiority . 
Goulnara Fatkoullina VBD Samokhalova TO VB DT JJ NNS NN IN snatching DT NN NN . 
Quigley , DT JJ NN IN DT NNS NN , VBD DT NN IN NN NN . " 
PRP VBD RB RB DT NN , CC VBG CD NNS RB VBD DT NNPS DT NN , " PRP VBD . 
DT JJ CD NNS lapped DT NN , WDT VBD JJ NN NN Ingrid Haringa IN DT NNP IN IN JJ NN IN VBG DT JJ JJS NNS VB . 
JJ NN NNP Lancien IN NNP RB VBD DT VBG NN CC VBD DT JJ <number> . 
-X- 
VBG : NN TRACK NN NNS . 
NNP , NNP <number> 
NNS IN DT NN NN NN NNS IN NNP : 
NNS POS JJ NNS ( JJS IN CD ) : 
NN NNP ( NNP ) VB NNP NNP ( NNP ) <number> ( <number> CC <number> NNS IN DT JJ NNS ) <number> 
NNP NNP ( NNP ) VB NNP NNP ( NNP ) , ( <number> <number> SYM <number> ) 
Ride IN JJ NN : 
Faure VB NNP <number> ( <number> SYM <number> ) 
JJ : 
Ballanger VB NNP <number> ( <number> SYM <number> ) 
NNS POS NN VBZ NN NN ( <number> ) : 
NNP ( NNP ) Samokhalova <number> <number> NNS ( IN <number> 
NNS <number> NNS ) 
NNP ( NNP ) Quigley <number> <number> NNS 
<number> Goulnara <number> Fatkoullina ( NNP ) 
<number> Tatiana <number> Stiajkina ( NNP ) 
NNP <number> <number> Arndt ( NNP ) 
<number> Tea <number> Vikstedt-Nyman ( NNP ) 
CD NN IN : 
<number> Ingrid <number> Haringa ( NNP ) 
<number> Sally <number> Boyden ( NNP ) 
NNP <number> <number> Godras ( NNP ) 
NNP <number> <number> Lancien ( NNP ) 
-X- 
NN : VB DEFENDER KOMBOUARE VBZ ABERDEEN . 
<number> ABDERDEEN , NNP 
JJ JJ NN NNP Kombouare VBZ VBN DT NNS NN ( $ <number> <number> ) NN TO NNP IN JJ NN NN , DT JJ NN NN NN VBD IN NNP . 
Kombouare VBZ VBN DT JJ NN CC MD VB PRP$ NN IN NNP IN DT JJ NNP NNP IN NNP . 
CC PRP MD VB JJ IN DT NN IN NNP POS NNP NNP NN IN PRP VBZ RB VBN IN NNP IN DT NN POS NNP NNS POS NNP . 
NNP NN NNP Aitken VBD : " PRP VBZ JJ IN PRP IN NNP NN NN IN NNP CC PRP MD VB PRP VB NNS IN JJ NN . 
" PRP VBP VBN VBG PRP IN JJ NNS RB CC VB DT NNS PRP VBZ JJ NN TO DT NN . 
PRP VBZ DT JJ NN IN NN CC PRP VBP JJ PRP MD RB VB PRP IN PDT DT NN CC DT affection IN PRP$ NNS . " 
DT <number> NN VBD CD NNS IN NNP CC VBD IN NNP NNP NNP IN CD NNS . 
PRP VBD JJ NNP NN NN NNP Ginola , WP RB VBZ IN JJ JJ NN NNP , VBD influential IN PRP$ NN TO NNP . 
" PRP VBP DT RB JJ NN IN NNP CC VBD TO PRP RB IN VBG TO NNP CC PRP VBD RB JJ IN PRP , " Kombouare VBD . 
" PRP VBD PRP MD RB VB NN RB CC IN PRP MD VB IN IN NNS IN NN IN RB . 
DT , CC DT NN PRP VBZ RB DT JJ NNS NN RB , influenced PRP$ NN TO VB TO NNP . " 
-X- 
VBG : NNP MARINO NNP NNP NNP NNP . 
<number> IMOLA , NNP 
Practice NNS VBN IN NNP 
IN NNP POS NNP Marino <number> motorcycling NNP NNP : 
<number> NNP Doohan ( NNP ) NNP CD NN <number> 
NNP <number> <number> Bayle ( NNP ) NNP 
<number> Norifumi <number> Abe ( NNP ) NNP 
<number> Luca <number> Cadalora ( NNP ) NNP 
NNP <number> <number> Criville ( NNP ) NNP 
<number> NNP NNP ( NNP NNP ) NNP <number> 
<number> Tadayuki <number> Okada ( NNP ) NNP 
NNP <number> <number> Checa ( NNP ) NNP 
<number> NNP NNP ( NNP ) NNP <number> 
<number> Shinichi <number> Itoh ( NNP ) NNP 
-X- 
NN : JJ NNS NNP NNP NNP . 
NNP , NNP <number> 
JJ NNS IN 
DT JJ NN IN DT NNP NNP IN NNP : 
NNP NNP ( NNP ) <number> <number> <number> <number> 
NNP NNP ( NNP ) <number> <number> <number> <number> 
<number> NNP NNP NNP ( NNP ) <number> <number> <number> , NNP NNP 
( NNP ) <number> <number> <number> 
NNP NNP ( NNP ) <number> <number> <number> <number> , <number> <number> <number> , NNP NNP 
NNP NNP ( NNP ) <number> <number> <number> , NNP NNP ( NNP 
NNP ) <number> <number> <number> 
NNP NNP <number> <number> <number> <number> , NNP NNP ( <number> <number> Swe ) 
<number> , NNP NNPS ( NNP ) , NNP NNPS <number> <number> <number> <number> <number> <number> , 
NNP NNP ( NNP ) <number> <number> <number> , NNP NNP ( NNP ) 
<number> <number> <number> <number> <number> <number> , NNP NNP 
NNP NNP ( NNP ) <number> <number> <number> <number> , NNP NNP ( NNP ) <number> <number> <number> , 
NNP NNP <number> <number> <number> , NNP NNP NNP ( NNP ) <number> <number> 
<number> <number> <number> <number> , NNP NNP , NNP NNP ( NNP ) <number> <number> 
<number> , NNP NNP ( NNP ) <number> <number> <number> 
NNP NNP <number> <number> <number> <number> , NNP NNP ( NNP ) <number> <number> <number> , 
NNP NNP <number> <number> <number> , Bradley Hughes ( NNP ) <number> <number> <number> , 
NNP NNP ( NNP ) <number> <number> <number> , NNP NNP ( NNP 
NNP ) , NNP NNP <number> <number> <number> <number> <number> <number> . 
-X- 
NN : JJ NN NNS . 
NNP <number> 
NNS IN JJ NN NNS 
IN NNP : 
NN CD 
NNP NNP <number> <number> 
NN CD 
NNP NNP <number> <number> 
